2019-36-15 13:36:45.936 [main] INFO  tests.BaseTest - Подключаем драйвер для браузера Хром
2019-36-15 13:36:46.906 [main] INFO  tests.BaseTest - Устанавливаем временные задержки для неявного ожидания - 5 сек.
2019-36-15 13:36:46.906 [main] INFO  tests.BaseTest - Устанавливаем максимальный размер окна браузера
2019-36-15 13:36:47.034 [main] INFO  tests.BaseTest - Вводим имя пользователя и пароль
2019-36-15 13:36:53.504 [main] INFO  pages.EditProjectPage - Открываем страницу тестов
2019-36-15 13:36:54.513 [main] INFO  pages.EditProjectPage - Получаем название проекта
2019-36-15 13:36:54.581 [main] INFO  pages.EditProjectPage - Получаем описание проекта
2019-36-15 13:36:55.369 [main] INFO  pages.EditProjectPage - Получаем название домена проекта
2019-36-15 13:36:55.405 [main] INFO  pages.EditProjectPage - Очистили поле домена при помощи кнопки этого поля
2019-36-15 13:36:55.456 [main] INFO  pages.EditProjectPage - Получаем название домена проекта
2019-36-15 13:36:55.486 [main] INFO  pages.EditProjectPage - Устанавливаем новое имя проекта
2019-36-15 13:36:55.632 [main] INFO  pages.EditProjectPage - Устанавливаем новое описание проекта
2019-36-15 13:36:55.762 [main] INFO  pages.EditProjectPage - Установили новый домен проекта
2019-36-15 13:36:55.881 [main] INFO  pages.EditProjectPage - Обновили проект - сохранили изменения
2019-36-15 13:36:55.970 [main] INFO  pages.EditProjectPage - Открываем страницу тестов
2019-36-15 13:36:58.261 [main] INFO  pages.EditProjectPage - Получаем описание проекта
2019-36-15 13:36:58.298 [main] INFO  pages.EditProjectPage - Открываем страницу тестов
2019-36-15 13:36:58.354 [main] INFO  pages.EditProjectPage - Получаем название проекта
2019-36-15 13:36:58.398 [main] INFO  pages.EditProjectPage - Открываем страницу тестов
2019-36-15 13:36:59.103 [main] INFO  pages.EditProjectPage - Получаем название домена проекта
2019-36-15 13:36:59.130 [main] INFO  tests.BaseTest - Тест отработал, выходим из браузера
2019-38-15 13:38:39.288 [main] INFO  tests.BaseTest - Подключаем драйвер для браузера Хром
2019-38-15 13:38:40.228 [main] INFO  tests.BaseTest - Устанавливаем временные задержки для неявного ожидания - 5 сек.
2019-38-15 13:38:40.228 [main] INFO  tests.BaseTest - Устанавливаем максимальный размер окна браузера
2019-38-15 13:38:40.357 [main] INFO  tests.BaseTest - Вводим имя пользователя и пароль
2019-38-15 13:38:45.484 [main] INFO  pages.EditProjectPage - Открываем страницу проектов
2019-38-15 13:38:46.515 [main] INFO  pages.EditProjectPage - Получаем название проекта
2019-38-15 13:38:46.546 [main] INFO  pages.EditProjectPage - Получаем описание проекта
2019-38-15 13:38:47.406 [main] INFO  pages.EditProjectPage - Получаем название домена проекта
2019-38-15 13:38:47.441 [main] INFO  pages.EditProjectPage - Очистили поле домена при помощи кнопки этого поля
2019-38-15 13:38:47.503 [main] INFO  pages.EditProjectPage - Получаем название домена проекта
2019-38-15 13:38:47.546 [main] INFO  pages.EditProjectPage - Устанавливаем новое имя проекта
2019-38-15 13:38:47.717 [main] INFO  pages.EditProjectPage - Устанавливаем новое описание проекта
2019-38-15 13:38:47.841 [main] INFO  pages.EditProjectPage - Установили новый домен проекта
2019-38-15 13:38:47.973 [main] INFO  pages.EditProjectPage - Обновили проект - сохранили изменения
2019-38-15 13:38:48.052 [main] INFO  pages.EditProjectPage - Открываем страницу проектов
2019-38-15 13:38:50.277 [main] INFO  pages.EditProjectPage - Получаем описание проекта
2019-38-15 13:38:50.309 [main] INFO  pages.EditProjectPage - Открываем страницу проектов
2019-38-15 13:38:50.371 [main] INFO  pages.EditProjectPage - Получаем название проекта
2019-38-15 13:38:50.411 [main] INFO  pages.EditProjectPage - Открываем страницу проектов
2019-38-15 13:38:52.004 [main] INFO  pages.EditProjectPage - Получаем название домена проекта
2019-38-15 13:38:52.028 [main] INFO  tests.BaseTest - Тест отработал, выходим из браузера
2019-41-15 13:41:04.328 [main] INFO  tests.BaseTest - Подключаем драйвер для браузера Хром
2019-41-15 13:41:05.325 [main] INFO  tests.BaseTest - Устанавливаем временные задержки для неявного ожидания - 5 сек.
2019-41-15 13:41:05.325 [main] INFO  tests.BaseTest - Устанавливаем максимальный размер окна браузера
2019-41-15 13:41:05.461 [main] INFO  tests.BaseTest - Вводим имя пользователя и пароль
2019-41-15 13:41:10.192 [main] INFO  pages.BillingPage - Открываем страницу с кредитными карточками
2019-41-15 13:41:13.521 [main] INFO  pages.BillingPage - Открываем страницу с кредитными карточками
2019-41-15 13:41:15.222 [main] INFO  pages.BillingPage - Добавляем кредитную карточку
2019-41-15 13:41:26.845 [main] INFO  pages.BillingPage - Открываем страницу с кредитными карточками
2019-41-15 13:41:28.755 [main] INFO  pages.BillingPage - Открываем страницу с кредитными карточками
2019-41-15 13:41:32.054 [main] INFO  pages.BillingPage - Добавляем кредитную карточку
2019-41-15 13:41:37.089 [main] INFO  pages.BillingPage - Получаем число кредитных карточек в проекте
2019-41-15 13:41:39.937 [main] INFO  pages.BillingPage - Открываем страницу с кредитными карточками
2019-41-15 13:41:43.272 [main] INFO  pages.BillingPage - Открываем страницу с кредитными карточками
2019-41-15 13:41:44.787 [main] INFO  pages.BillingPage - Добавляем кредитную карточку
2019-41-15 13:41:49.611 [main] INFO  pages.BillingPage - Получаем число кредитных карточек в проекте
2019-41-15 13:41:52.818 [main] INFO  tests.BaseTest - Тест отработал, выходим из браузера
2019-55-16 10:55:20.102 [main] INFO  tests.BaseTest - Подключаем драйвер для браузера Хром
2019-00-16 11:00:37.141 [main] INFO  tests.BaseTest - Подключаем драйвер для браузера Хром
2019-22-16 11:22:20.585 [main] INFO  tests.BaseTest - Подключаем драйвер для браузера Хром
2019-23-16 11:23:16.461 [main] INFO  tests.BaseTest - Подключаем драйвер для браузера Хром
2019-24-16 11:24:06.968 [main] INFO  tests.BaseTest - Подключаем драйвер для браузера Хром
2019-24-16 11:24:07.849 [main] INFO  tests.BaseTest - Устанавливаем временные задержки для неявного ожидания - 5 сек.
2019-24-16 11:24:07.849 [main] INFO  tests.BaseTest - Устанавливаем максимальный размер окна браузера
2019-24-16 11:24:07.980 [main] INFO  tests.BaseTest - Вводим имя пользователя и пароль
2019-24-16 11:24:13.577 [main] INFO  pages.BillingPage - Открываем страницу с кредитными карточками
2019-24-16 11:24:17.159 [main] INFO  pages.BillingPage - Открываем страницу с кредитными карточками
2019-24-16 11:24:18.863 [main] INFO  pages.BillingPage - Добавляем кредитную карточку
2019-24-16 11:24:25.913 [main] INFO  pages.BillingPage - Получаем число кредитных карточек в проекте
2019-24-16 11:24:28.050 [main] INFO  pages.BillingPage - Открываем страницу с кредитными карточками
2019-24-16 11:24:29.794 [main] INFO  pages.BillingPage - Открываем страницу с кредитными карточками
2019-24-16 11:24:32.576 [main] INFO  pages.BillingPage - Добавляем кредитную карточку
2019-24-16 11:24:37.664 [main] INFO  pages.BillingPage - Получаем число кредитных карточек в проекте
2019-24-16 11:24:39.633 [main] INFO  pages.BillingPage - Открываем страницу с кредитными карточками
2019-24-16 11:24:42.715 [main] INFO  pages.BillingPage - Открываем страницу с кредитными карточками
2019-24-16 11:24:44.169 [main] INFO  pages.BillingPage - Добавляем кредитную карточку
2019-24-16 11:24:48.329 [main] INFO  pages.BillingPage - Получаем число кредитных карточек в проекте
2019-24-16 11:24:51.370 [main] INFO  tests.BaseTest - Тест отработал, выходим из браузера
2019-28-16 11:28:20.288 [main] INFO  tests.BaseTest - Подключаем драйвер для браузера Хром
2019-28-16 11:28:21.177 [main] INFO  tests.BaseTest - Устанавливаем временные задержки для неявного ожидания - 5 сек.
2019-28-16 11:28:21.178 [main] INFO  tests.BaseTest - Устанавливаем максимальный размер окна браузера
2019-28-16 11:28:21.299 [main] INFO  tests.BaseTest - Вводим имя пользователя и пароль
2019-28-16 11:28:25.721 [main] INFO  pages.BillingPage - Открываем страницу с кредитными карточками
2019-28-16 11:28:27.874 [main] INFO  pages.BillingPage - Открываем страницу с кредитными карточками
2019-28-16 11:28:33.047 [main] INFO  pages.BillingPage - Открываем страницу с кредитными карточками
2019-28-16 11:28:38.077 [main] INFO  pages.BillingPage - Открываем страницу с кредитными карточками
2019-28-16 11:28:52.125 [main] INFO  tests.BaseTest - Подключаем драйвер для браузера Хром
2019-28-16 11:28:53.007 [main] INFO  tests.BaseTest - Устанавливаем временные задержки для неявного ожидания - 5 сек.
2019-28-16 11:28:53.007 [main] INFO  tests.BaseTest - Устанавливаем максимальный размер окна браузера
2019-28-16 11:28:53.129 [main] INFO  tests.BaseTest - Вводим имя пользователя и пароль
2019-28-16 11:28:57.295 [main] INFO  pages.BillingPage - Открываем страницу с кредитными карточками
2019-28-16 11:28:59.428 [main] INFO  pages.BillingPage - Открываем страницу с кредитными карточками
2019-29-16 11:29:02.037 [main] INFO  pages.BillingPage - Добавляем кредитную карточку
2019-29-16 11:29:07.772 [main] INFO  pages.BillingPage - Получаем число кредитных карточек в проекте
2019-29-16 11:29:11.766 [main] INFO  pages.BillingPage - Открываем страницу с кредитными карточками
2019-29-16 11:29:13.610 [main] INFO  pages.BillingPage - Открываем страницу с кредитными карточками
2019-29-16 11:29:15.137 [main] INFO  pages.BillingPage - Добавляем кредитную карточку
2019-29-16 11:29:20.247 [main] INFO  pages.BillingPage - Получаем число кредитных карточек в проекте
2019-29-16 11:29:22.771 [main] INFO  pages.BillingPage - Открываем страницу с кредитными карточками
2019-29-16 11:29:24.407 [main] INFO  pages.BillingPage - Открываем страницу с кредитными карточками
2019-29-16 11:29:25.968 [main] INFO  pages.BillingPage - Добавляем кредитную карточку
2019-29-16 11:29:30.566 [main] INFO  pages.BillingPage - Получаем число кредитных карточек в проекте
2019-00-16 12:00:56.678 [main] ERROR tests.BillingPageTests - Ошибка теста проверки числа кредиток:
java.lang.AssertionError: expected:<1> but was:<5>
2019-01-16 12:01:07.020 [main] ERROR tests.BillingPageTests - Ошибка теста проверки числа кредиток:
java.lang.AssertionError: expected:<2> but was:<6>
2019-01-16 12:01:18.236 [main] ERROR tests.BillingPageTests - Ошибка теста проверки числа кредиток:
java.lang.AssertionError: expected:<3> but was:<7>
2019-05-16 12:05:16.891 [main] ERROR tests.BillingPageTests - Ошибка теста добавления кредиток:
java.lang.AssertionError: expected:<1> but was:<2>
2019-05-16 12:05:28.784 [main] ERROR tests.BillingPageTests - Ошибка теста добавления кредиток:
java.lang.AssertionError: expected:<2> but was:<3>
2019-05-16 12:05:39.836 [main] ERROR tests.BillingPageTests - Ошибка теста добавления кредиток:
java.lang.AssertionError: expected:<3> but was:<4>
2019-25-16 12:25:22.457 [main] ERROR tests.BillingPageTests - Ошибка теста добавления кредиток:
java.lang.AssertionError: expected:<1> but was:<2>
2019-25-16 12:25:32.786 [main] ERROR tests.BillingPageTests - Ошибка теста добавления кредиток:
java.lang.AssertionError: expected:<2> but was:<3>
2019-25-16 12:25:45.087 [main] ERROR tests.BillingPageTests - Ошибка теста добавления кредиток:
java.lang.AssertionError: expected:<3> but was:<4>
2019-25-16 12:25:45.830 [main] ERROR tests.BillingPageTests - Ошибка теста проверки установки карты оплаты по умолчанию
java.lang.AssertionError: expected [Default] but found [Defaul]
2019-25-16 12:25:45.845 [main] ERROR tests.BillingPageTests - Ошибка теста удаления кредиток:
java.lang.AssertionError: expected:<4> but was:<3>
